2023-04-14T22:26:05+00:00 DEBUG tt4b_product_sync: missing access token for tt4b_product_sync
2023-04-14T22:26:05+00:00 DEBUG tt4b_product_sync: missing access token for tt4b_product_sync
2023-04-14T22:26:06+00:00 DEBUG tt4b_product_sync: missing access token for tt4b_product_sync
2023-04-14T22:26:06+00:00 DEBUG tt4b_product_sync: missing access token for tt4b_product_sync
2023-04-14T22:26:07+00:00 DEBUG tt4b_product_sync: missing access token for tt4b_product_sync
2023-04-14T22:26:07+00:00 DEBUG tt4b_product_sync: missing access token for tt4b_product_sync
2023-04-14T22:26:10+00:00 DEBUG tt4b_product_sync: missing access token for tt4b_product_sync
2023-04-14T22:26:10+00:00 DEBUG tt4b_product_sync: missing access token for tt4b_product_sync
2023-04-14T22:26:12+00:00 DEBUG tt4b_product_sync: missing access token for tt4b_product_sync
2023-04-14T22:26:12+00:00 DEBUG tt4b_product_sync: missing access token for tt4b_product_sync
2023-04-14T22:26:12+00:00 DEBUG tt4b_product_sync: missing access token for tt4b_product_sync
2023-04-14T22:26:13+00:00 DEBUG tt4b_product_sync: missing access token for tt4b_product_sync
2023-04-14T22:28:18+00:00 DEBUG tt4b_product_sync: missing access token for tt4b_product_sync
2023-04-14T22:29:18+00:00 DEBUG tt4b_product_sync: missing access token for tt4b_product_sync
2023-04-14T22:29:19+00:00 DEBUG Tt4b_Pixel_Class::inject_view_content_event: hit injectViewContentEvent
2023-04-14T22:29:19+00:00 DEBUG Tt4b_Pixel_Class::inject_view_content_event: Missing option "access_token"
2023-04-14T22:29:47+00:00 DEBUG tt4b_product_sync: missing access token for tt4b_product_sync
2023-04-14T22:29:59+00:00 DEBUG tt4b_product_sync: missing access token for tt4b_product_sync
2023-04-14T22:31:56+00:00 DEBUG tt4b_product_sync: missing access token for tt4b_product_sync
2023-04-14T22:32:44+00:00 DEBUG tt4b_product_sync: missing access token for tt4b_product_sync
2023-04-14T22:32:46+00:00 DEBUG Tt4b_Pixel_Class::inject_view_content_event: hit injectViewContentEvent
2023-04-14T22:32:46+00:00 DEBUG Tt4b_Pixel_Class::inject_view_content_event: Missing option "access_token"
2023-04-14T22:33:55+00:00 DEBUG tt4b_product_sync: missing access token for tt4b_product_sync
2023-04-14T22:34:00+00:00 DEBUG tt4b_product_sync: missing access token for tt4b_product_sync
2023-04-14T22:34:12+00:00 DEBUG Tt4b_Pixel_Class::inject_view_content_event: hit injectViewContentEvent
2023-04-14T22:34:12+00:00 DEBUG Tt4b_Pixel_Class::inject_view_content_event: Missing option "access_token"
2023-04-14T22:35:07+00:00 DEBUG tt4b_product_sync: missing access token for tt4b_product_sync
2023-04-14T22:35:31+00:00 DEBUG tt4b_product_sync: missing access token for tt4b_product_sync
2023-04-14T22:36:42+00:00 DEBUG tt4b_product_sync: missing access token for tt4b_product_sync
2023-04-14T22:36:43+00:00 DEBUG Tt4b_Pixel_Class::inject_view_content_event: hit injectViewContentEvent
2023-04-14T22:36:43+00:00 DEBUG Tt4b_Pixel_Class::inject_view_content_event: Missing option "access_token"
2023-04-14T22:37:31+00:00 DEBUG tt4b_product_sync: missing access token for tt4b_product_sync
2023-04-14T22:38:18+00:00 DEBUG tt4b_product_sync: missing access token for tt4b_product_sync
2023-04-14T22:38:20+00:00 DEBUG Tt4b_Pixel_Class::inject_view_content_event: hit injectViewContentEvent
2023-04-14T22:38:20+00:00 DEBUG Tt4b_Pixel_Class::inject_view_content_event: Missing option "access_token"
2023-04-14T22:38:51+00:00 DEBUG tt4b_product_sync: missing access token for tt4b_product_sync
2023-04-14T22:40:34+00:00 DEBUG tt4b_product_sync: missing access token for tt4b_product_sync
2023-04-14T22:40:51+00:00 DEBUG tt4b_product_sync: missing access token for tt4b_product_sync
2023-04-14T22:41:47+00:00 DEBUG tt4b_product_sync: missing access token for tt4b_product_sync
2023-04-14T22:42:23+00:00 DEBUG tt4b_product_sync: missing access token for tt4b_product_sync
2023-04-14T22:42:34+00:00 DEBUG Tt4b_Pixel_Class::inject_view_content_event: hit injectViewContentEvent
2023-04-14T22:42:34+00:00 DEBUG Tt4b_Pixel_Class::inject_view_content_event: Missing option "access_token"
2023-04-14T22:43:01+00:00 DEBUG Tt4b_Pixel_Class::inject_view_content_event: hit injectViewContentEvent
2023-04-14T22:43:01+00:00 DEBUG Tt4b_Pixel_Class::inject_view_content_event: Missing option "access_token"
2023-04-14T22:46:59+00:00 DEBUG Tt4b_Pixel_Class::inject_view_content_event: hit injectViewContentEvent
2023-04-14T22:46:59+00:00 DEBUG Tt4b_Pixel_Class::inject_view_content_event: Missing option "access_token"
2023-04-14T22:50:25+00:00 DEBUG Tt4b_Pixel_Class::inject_view_content_event: hit injectViewContentEvent
2023-04-14T22:50:25+00:00 DEBUG Tt4b_Pixel_Class::inject_view_content_event: Missing option "access_token"
2023-04-14T22:50:31+00:00 DEBUG Tt4b_Pixel_Class::inject_view_content_event: hit injectViewContentEvent
2023-04-14T22:50:31+00:00 DEBUG Tt4b_Pixel_Class::inject_view_content_event: Missing option "access_token"
2023-04-14T22:58:46+00:00 DEBUG Tt4b_Pixel_Class::inject_view_content_event: hit injectViewContentEvent
2023-04-14T22:58:46+00:00 DEBUG Tt4b_Pixel_Class::inject_view_content_event: Missing option "access_token"
2023-04-14T22:58:50+00:00 DEBUG Tt4b_Pixel_Class::inject_add_to_cart_event: hit injectAddToCartEvent
2023-04-14T22:58:50+00:00 DEBUG Tt4b_Pixel_Class::inject_add_to_cart_event: Missing option "access_token"
2023-04-14T22:59:24+00:00 DEBUG Tt4b_Pixel_Class::inject_view_content_event: hit injectViewContentEvent
2023-04-14T22:59:24+00:00 DEBUG Tt4b_Pixel_Class::inject_view_content_event: Missing option "access_token"
2023-04-14T23:00:08+00:00 DEBUG Tt4b_Pixel_Class::inject_view_content_event: hit injectViewContentEvent
2023-04-14T23:00:08+00:00 DEBUG Tt4b_Pixel_Class::inject_view_content_event: Missing option "access_token"
2023-04-14T23:03:19+00:00 DEBUG Tt4b_Pixel_Class::inject_view_content_event: hit injectViewContentEvent
2023-04-14T23:03:19+00:00 DEBUG Tt4b_Pixel_Class::inject_view_content_event: Missing option "access_token"
2023-04-14T23:14:24+00:00 DEBUG tt4b_product_sync: missing access token for tt4b_product_sync
2023-04-14T23:14:24+00:00 DEBUG tt4b_product_sync: missing access token for tt4b_product_sync
2023-04-14T23:14:25+00:00 DEBUG tt4b_product_sync: missing access token for tt4b_product_sync
2023-04-14T23:14:25+00:00 DEBUG tt4b_product_sync: missing access token for tt4b_product_sync
2023-04-14T23:14:26+00:00 DEBUG tt4b_product_sync: missing access token for tt4b_product_sync
2023-04-14T23:14:26+00:00 DEBUG tt4b_product_sync: missing access token for tt4b_product_sync
2023-04-14T23:14:27+00:00 DEBUG tt4b_product_sync: missing access token for tt4b_product_sync
2023-04-14T23:14:27+00:00 DEBUG tt4b_product_sync: missing access token for tt4b_product_sync
2023-04-14T23:14:27+00:00 DEBUG tt4b_product_sync: missing access token for tt4b_product_sync
2023-04-14T23:14:28+00:00 DEBUG tt4b_product_sync: missing access token for tt4b_product_sync
2023-04-14T23:14:28+00:00 DEBUG tt4b_product_sync: missing access token for tt4b_product_sync
2023-04-14T23:14:29+00:00 DEBUG tt4b_product_sync: missing access token for tt4b_product_sync
2023-04-14T23:14:30+00:00 DEBUG tt4b_product_sync: missing access token for tt4b_product_sync
2023-04-14T23:14:32+00:00 DEBUG tt4b_product_sync: missing access token for tt4b_product_sync
2023-04-14T23:14:35+00:00 DEBUG tt4b_product_sync: missing access token for tt4b_product_sync
2023-04-14T23:14:35+00:00 DEBUG tt4b_product_sync: missing access token for tt4b_product_sync
2023-04-14T23:14:36+00:00 DEBUG tt4b_product_sync: missing access token for tt4b_product_sync
2023-04-14T23:14:37+00:00 DEBUG tt4b_product_sync: missing access token for tt4b_product_sync
2023-04-14T23:14:37+00:00 DEBUG tt4b_product_sync: missing access token for tt4b_product_sync
2023-04-14T23:14:37+00:00 DEBUG tt4b_product_sync: missing access token for tt4b_product_sync
2023-04-14T23:14:38+00:00 DEBUG tt4b_product_sync: missing access token for tt4b_product_sync
2023-04-14T23:14:40+00:00 DEBUG tt4b_product_sync: missing access token for tt4b_product_sync
2023-04-14T23:14:41+00:00 DEBUG tt4b_product_sync: missing access token for tt4b_product_sync
2023-04-14T23:14:43+00:00 DEBUG tt4b_product_sync: missing access token for tt4b_product_sync
2023-04-14T23:14:44+00:00 DEBUG tt4b_product_sync: missing access token for tt4b_product_sync
2023-04-14T23:14:45+00:00 DEBUG tt4b_product_sync: missing access token for tt4b_product_sync
2023-04-14T23:14:46+00:00 DEBUG tt4b_product_sync: missing access token for tt4b_product_sync
2023-04-14T23:14:46+00:00 DEBUG tt4b_product_sync: missing access token for tt4b_product_sync
2023-04-14T23:14:47+00:00 DEBUG tt4b_product_sync: missing access token for tt4b_product_sync
2023-04-14T23:14:47+00:00 DEBUG tt4b_product_sync: missing access token for tt4b_product_sync
2023-04-14T23:14:48+00:00 DEBUG tt4b_product_sync: missing access token for tt4b_product_sync
2023-04-14T23:14:48+00:00 DEBUG tt4b_product_sync: missing access token for tt4b_product_sync
2023-04-14T23:17:09+00:00 DEBUG tt4b_product_sync: missing access token for tt4b_product_sync
2023-04-14T23:17:09+00:00 DEBUG tt4b_product_sync: missing access token for tt4b_product_sync
2023-04-14T23:17:11+00:00 DEBUG tt4b_product_sync: missing access token for tt4b_product_sync
2023-04-14T23:17:11+00:00 DEBUG tt4b_product_sync: missing access token for tt4b_product_sync
2023-04-14T23:17:53+00:00 DEBUG tt4b_product_sync: missing access token for tt4b_product_sync
2023-04-14T23:18:31+00:00 DEBUG tt4b_product_sync: missing access token for tt4b_product_sync
2023-04-14T23:18:32+00:00 DEBUG Tt4b_Pixel_Class::inject_view_content_event: hit injectViewContentEvent
2023-04-14T23:18:32+00:00 DEBUG Tt4b_Pixel_Class::inject_view_content_event: Missing option "access_token"
2023-04-14T23:19:40+00:00 DEBUG tt4b_product_sync: missing access token for tt4b_product_sync
2023-04-14T23:19:48+00:00 DEBUG tt4b_product_sync: missing access token for tt4b_product_sync
2023-04-14T23:20:03+00:00 DEBUG tt4b_product_sync: missing access token for tt4b_product_sync
2023-04-14T23:20:59+00:00 DEBUG tt4b_product_sync: missing access token for tt4b_product_sync
2023-04-14T23:21:52+00:00 DEBUG Tt4b_Pixel_Class::inject_view_content_event: hit injectViewContentEvent
2023-04-14T23:21:52+00:00 DEBUG Tt4b_Pixel_Class::inject_view_content_event: Missing option "access_token"
2023-04-14T23:22:27+00:00 DEBUG tt4b_product_sync: missing access token for tt4b_product_sync
2023-04-14T23:22:36+00:00 DEBUG tt4b_product_sync: missing access token for tt4b_product_sync
2023-04-14T23:22:46+00:00 DEBUG Tt4b_Pixel_Class::inject_view_content_event: hit injectViewContentEvent
2023-04-14T23:22:46+00:00 DEBUG Tt4b_Pixel_Class::inject_view_content_event: Missing option "access_token"
2023-04-14T23:22:50+00:00 DEBUG Tt4b_Pixel_Class::inject_view_content_event: hit injectViewContentEvent
2023-04-14T23:22:50+00:00 DEBUG Tt4b_Pixel_Class::inject_view_content_event: Missing option "access_token"
2023-04-14T23:23:16+00:00 DEBUG tt4b_product_sync: missing access token for tt4b_product_sync
2023-04-14T23:23:30+00:00 DEBUG tt4b_product_sync: missing access token for tt4b_product_sync
2023-04-14T23:24:25+00:00 DEBUG tt4b_product_sync: missing access token for tt4b_product_sync
2023-04-14T23:24:36+00:00 DEBUG Tt4b_Pixel_Class::inject_view_content_event: hit injectViewContentEvent
2023-04-14T23:24:36+00:00 DEBUG Tt4b_Pixel_Class::inject_view_content_event: Missing option "access_token"
2023-04-14T23:25:03+00:00 DEBUG tt4b_product_sync: missing access token for tt4b_product_sync
2023-04-14T23:25:10+00:00 DEBUG tt4b_product_sync: missing access token for tt4b_product_sync
2023-04-14T23:26:52+00:00 DEBUG tt4b_product_sync: missing access token for tt4b_product_sync
2023-04-14T23:27:06+00:00 DEBUG Tt4b_Pixel_Class::inject_view_content_event: hit injectViewContentEvent
2023-04-14T23:27:06+00:00 DEBUG Tt4b_Pixel_Class::inject_view_content_event: Missing option "access_token"
2023-04-14T23:39:42+00:00 DEBUG Tt4b_Pixel_Class::inject_view_content_event: hit injectViewContentEvent
2023-04-14T23:39:42+00:00 DEBUG Tt4b_Pixel_Class::inject_view_content_event: Missing option "access_token"
2023-04-14T23:40:38+00:00 DEBUG tt4b_product_sync: missing access token for tt4b_product_sync
2023-04-14T23:40:50+00:00 DEBUG tt4b_product_sync: missing access token for tt4b_product_sync
2023-04-14T23:42:37+00:00 DEBUG tt4b_product_sync: missing access token for tt4b_product_sync
2023-04-14T23:42:47+00:00 DEBUG Tt4b_Pixel_Class::inject_view_content_event: hit injectViewContentEvent
2023-04-14T23:42:47+00:00 DEBUG Tt4b_Pixel_Class::inject_view_content_event: Missing option "access_token"
2023-04-14T23:44:26+00:00 DEBUG Tt4b_Pixel_Class::inject_view_content_event: hit injectViewContentEvent
2023-04-14T23:44:26+00:00 DEBUG Tt4b_Pixel_Class::inject_view_content_event: Missing option "access_token"
2023-04-14T23:50:19+00:00 DEBUG Tt4b_Pixel_Class::inject_view_content_event: hit injectViewContentEvent
2023-04-14T23:50:19+00:00 DEBUG Tt4b_Pixel_Class::inject_view_content_event: Missing option "access_token"
2023-04-14T23:55:08+00:00 DEBUG tt4b_product_sync: missing access token for tt4b_product_sync
2023-04-14T23:55:28+00:00 DEBUG tt4b_product_sync: missing access token for tt4b_product_sync
2023-04-14T23:57:28+00:00 DEBUG tt4b_product_sync: missing access token for tt4b_product_sync
2023-04-14T23:58:47+00:00 DEBUG tt4b_product_sync: missing access token for tt4b_product_sync
2023-04-14T23:59:05+00:00 DEBUG Tt4b_Pixel_Class::inject_view_content_event: hit injectViewContentEvent
2023-04-14T23:59:05+00:00 DEBUG Tt4b_Pixel_Class::inject_view_content_event: Missing option "access_token"
